<?xml version="1.0" encoding="UTF-8"?>
<!-- Generated by org.testng.reporters.JUnitXMLReporter -->
<testsuite hostname="DESKTOP-6VAAHBV" ignored="0" name="Default test" tests="4" failures="0" timestamp="21 Nov 2019 15:53:42 GMT" time="0.14" errors="0">
  <testcase name="test10" time="0.042" classname="com.project.testpage.SecondTest"/>
  <testcase name="test7" time="0.002" classname="com.project.testpage.SecondTest"/>
  <testcase name="test8" time="0.002" classname="com.project.testpage.SecondTest"/>
  <testcase name="test9" time="0.002" classname="com.project.testpage.SecondTest"/>
</testsuite> <!-- Default test -->
