<?xml version="1.0" encoding="UTF-8"?>
<testng-results skipped="0" failed="0" ignored="5" total="10" passed="5">
  <reporter-output>
  </reporter-output>
  <suite name="Suite" duration-ms="171" started-at="2019-11-21T16:01:16Z" finished-at="2019-11-21T16:01:16Z">
    <groups>
      <group name="SmokeTest">
        <method signature="FirstTest.test1()[pri:0, instance:com.project.testpage.FirstTest@3bd40a57]" name="test1" class="com.project.testpage.FirstTest"/>
        <method signature="FirstTest.test2()[pri:0, instance:com.project.testpage.FirstTest@3bd40a57]" name="test2" class="com.project.testpage.FirstTest"/>
        <method signature="FirstTest.test5()[pri:0, instance:com.project.testpage.FirstTest@3bd40a57]" name="test5" class="com.project.testpage.FirstTest"/>
        <method signature="FirstTest.test6()[pri:0, instance:com.project.testpage.FirstTest@3bd40a57]" name="test6" class="com.project.testpage.FirstTest"/>
        <method signature="SecondTest.test7()[pri:0, instance:com.project.testpage.SecondTest@fdefd3f]" name="test7" class="com.project.testpage.SecondTest"/>
      </group> <!-- SmokeTest -->
      <group name="Regression">
        <method signature="FirstTest.test1()[pri:0, instance:com.project.testpage.FirstTest@3bd40a57]" name="test1" class="com.project.testpage.FirstTest"/>
        <method signature="FirstTest.test2()[pri:0, instance:com.project.testpage.FirstTest@3bd40a57]" name="test2" class="com.project.testpage.FirstTest"/>
      </group> <!-- Regression -->
    </groups>
    <test name="Group Test" duration-ms="171" started-at="2019-11-21T16:01:16Z" finished-at="2019-11-21T16:01:16Z">
      <class name="com.project.testpage.SecondTest">
        <test-method status="PASS" signature="test7()[pri:0, instance:com.project.testpage.SecondTest@fdefd3f]" name="test7" duration-ms="2" started-at="2019-11-21T16:01:16Z" finished-at="2019-11-21T16:01:16Z">
          <reporter-output>
          </reporter-output>
        </test-method> <!-- test7 -->
      </class> <!-- com.project.testpage.SecondTest -->
      <class name="com.project.testpage.FirstTest">
        <test-method status="PASS" signature="test1()[pri:0, instance:com.project.testpage.FirstTest@3bd40a57]" name="test1" duration-ms="49" started-at="2019-11-21T16:01:16Z" finished-at="2019-11-21T16:01:16Z">
          <reporter-output>
          </reporter-output>
        </test-method> <!-- test1 -->
        <test-method status="PASS" signature="test2()[pri:0, instance:com.project.testpage.FirstTest@3bd40a57]" name="test2" duration-ms="2" started-at="2019-11-21T16:01:16Z" finished-at="2019-11-21T16:01:16Z">
          <reporter-output>
          </reporter-output>
        </test-method> <!-- test2 -->
        <test-method status="PASS" signature="test5()[pri:0, instance:com.project.testpage.FirstTest@3bd40a57]" name="test5" duration-ms="2" started-at="2019-11-21T16:01:16Z" finished-at="2019-11-21T16:01:16Z">
          <reporter-output>
          </reporter-output>
        </test-method> <!-- test5 -->
        <test-method status="PASS" signature="test6()[pri:0, instance:com.project.testpage.FirstTest@3bd40a57]" name="test6" duration-ms="1" started-at="2019-11-21T16:01:16Z" finished-at="2019-11-21T16:01:16Z">
          <reporter-output>
          </reporter-output>
        </test-method> <!-- test6 -->
      </class> <!-- com.project.testpage.FirstTest -->
    </test> <!-- Group Test -->
  </suite> <!-- Suite -->
</testng-results>
