<?xml version="1.0" encoding="UTF-8"?>
<!-- Generated by org.testng.reporters.JUnitXMLReporter -->
<testsuite hostname="DESKTOP-6VAAHBV" ignored="5" name="Group Test" tests="5" failures="0" timestamp="21 Nov 2019 16:01:16 GMT" time="0.171" errors="0">
  <testcase name="test1" time="0.049" classname="com.project.testpage.FirstTest"/>
  <testcase name="test2" time="0.002" classname="com.project.testpage.FirstTest"/>
  <testcase name="test5" time="0.002" classname="com.project.testpage.FirstTest"/>
  <testcase name="test6" time="0.001" classname="com.project.testpage.FirstTest"/>
  <testcase name="test7" time="0.002" classname="com.project.testpage.SecondTest"/>
  <testcase name="test9" time="0.0" classname="com.project.testpage.SecondTest">
    <ignored/>
  </testcase> <!-- test9 -->
  <testcase name="test10" time="0.0" classname="com.project.testpage.SecondTest">
    <ignored/>
  </testcase> <!-- test10 -->
  <testcase name="test4" time="0.0" classname="com.project.testpage.FirstTest">
    <ignored/>
  </testcase> <!-- test4 -->
  <testcase name="test3" time="0.0" classname="com.project.testpage.FirstTest">
    <ignored/>
  </testcase> <!-- test3 -->
  <testcase name="test8" time="0.0" classname="com.project.testpage.SecondTest">
    <ignored/>
  </testcase> <!-- test8 -->
</testsuite> <!-- Group Test -->
